This file contains any messages produced by compilers while
running configure, to aid debugging if configure makes a mistake.

It was created by libffi configure 3.0.11, which was
generated by GNU Autoconf 2.68.  Invocation command line was

  $ /home/nilesh/coding/codechef/june2014/attachments/Python-3.3.0/Modules/_ctypes/libffi/configure 

## --------- ##
## Platform. ##
## --------- ##

hostname = nilesh-VPCEA36FG
uname -m = x86_64
uname -r = 3.2.0-58-generic
uname -s = Linux
uname -v = #88-Ubuntu SMP Tue Dec 3 17:37:58 UTC 2013

/usr/bin/uname -p = unknown
/bin/uname -X     = unknown

/bin/arch              = unknown
/usr/bin/arch -k       = unknown
/usr/convex/getsysinfo = unknown
/usr/bin/hostinfo      = unknown
/bin/machine           = unknown
/usr/bin/oslevel       = unknown
/bin/universe          = unknown

PATH: /usr/lib/lightdm/lightdm
PATH: /usr/local/sbin
PATH: /usr/local/bin
PATH: /usr/sbin
PATH: /usr/bin
PATH: /sbin
PATH: /bin
PATH: /usr/games


## ----------- ##
## Core tests. ##
## ----------- ##

configure:2551: checking build system type
configure:2565: result: x86_64-unknown-linux-gnu
configure:2585: checking host system type
configure:2598: result: x86_64-unknown-linux-gnu
configure:2618: checking target system type
configure:2631: result: x86_64-unknown-linux-gnu
configure:2723: checking for gsed
configure:2754: result: sed
configure:2782: checking for a BSD-compatible install
configure:2850: result: /usr/bin/install -c
configure:2861: checking whether build environment is sane
configure:2911: result: yes
configure:3049: checking for a thread-safe mkdir -p
configure:3088: result: /bin/mkdir -p
configure:3101: checking for gawk
configure:3131: result: no
configure:3101: checking for mawk
configure:3117: found /usr/bin/mawk
configure:3128: result: mawk
configure:3139: checking whether make sets $(MAKE)
configure:3161: result: yes
configure:3300: checking for gcc
configure:3327: result: gcc -pthread
configure:3556: checking for C compiler version
configure:3565: gcc -pthread --version >&5
gcc (Ubuntu/Linaro 4.6.3-1ubuntu5) 4.6.3
Copyright (C) 2011 Free Software Foundation, Inc.
This is free software; see the source for copying conditions.  There is NO
warranty; not even for MERCHANTABILITY or FITNESS FOR A PARTICULAR PURPOSE.

configure:3576: $? = 0
configure:3565: gcc -pthread -v >&5
Using built-in specs.
COLLECT_GCC=gcc
COLLECT_LTO_WRAPPER=/usr/lib/gcc/x86_64-linux-gnu/4.6/lto-wrapper
Target: x86_64-linux-gnu
Configured with: ../src/configure -v --with-pkgversion='Ubuntu/Linaro 4.6.3-1ubuntu5' --with-bugurl=file:///usr/share/doc/gcc-4.6/README.Bugs --enable-languages=c,c++,fortran,objc,obj-c++ --prefix=/usr --program-suffix=-4.6 --enable-shared --enable-linker-build-id --with-system-zlib --libexecdir=/usr/lib --without-included-gettext --enable-threads=posix --with-gxx-include-dir=/usr/include/c++/4.6 --libdir=/usr/lib --enable-nls --with-sysroot=/ --enable-clocale=gnu --enable-libstdcxx-debug --enable-libstdcxx-time=yes --enable-gnu-unique-object --enable-plugin --enable-objc-gc --disable-werror --with-arch-32=i686 --with-tune=generic --enable-checking=release --build=x86_64-linux-gnu --host=x86_64-linux-gnu --target=x86_64-linux-gnu
Thread model: posix
gcc version 4.6.3 (Ubuntu/Linaro 4.6.3-1ubuntu5) 
configure:3576: $? = 0
configure:3565: gcc -pthread -V >&5
gcc: error: unrecognized option '-V'
gcc: fatal error: no input files
compilation terminated.
configure:3576: $? = 4
configure:3565: gcc -pthread -qversion >&5
gcc: error: unrecognized option '-qversion'
gcc: fatal error: no input files
compilation terminated.
configure:3576: $? = 4
configure:3596: checking whether the C compiler works
configure:3618: gcc -pthread    conftest.c  >&5
configure:3622: $? = 0
configure:3670: result: yes
configure:3673: checking for C compiler default output file name
configure:3675: result: a.out
configure:3681: checking for suffix of executables
configure:3688: gcc -pthread -o conftest    conftest.c  >&5
configure:3692: $? = 0
configure:3714: result: 
configure:3736: checking whether we are cross compiling
configure:3744: gcc -pthread -o conftest    conftest.c  >&5
configure:3748: $? = 0
configure:3755: ./conftest
configure:3759: $? = 0
configure:3774: result: no
configure:3779: checking for suffix of object files
configure:3801: gcc -pthread -c   conftest.c >&5
configure:3805: $? = 0
configure:3826: result: o
configure:3830: checking whether we are using the GNU C compiler
configure:3849: gcc -pthread -c   conftest.c >&5
configure:3849: $? = 0
configure:3858: result: yes
configure:3867: checking whether gcc -pthread accepts -g
configure:3887: gcc -pthread -c -g  conftest.c >&5
configure:3887: $? = 0
configure:3928: result: yes
configure:3945: checking for gcc -pthread option to accept ISO C89
configure:4009: gcc -pthread  -c   conftest.c >&5
configure:4009: $? = 0
configure:4022: result: none needed
configure:4053: checking for style of include used by make
configure:4081: result: GNU
configure:4107: checking dependency style of gcc -pthread
configure:4218: result: gcc3
configure:4248: checking dependency style of gcc -pthread
configure:4357: result: gcc3
configure:4373: checking whether gcc -pthread and cc understand -c and -o together
configure:4404: gcc -pthread -c conftest.c -o conftest2.o >&5
configure:4408: $? = 0
configure:4414: gcc -pthread -c conftest.c -o conftest2.o >&5
configure:4418: $? = 0
configure:4429: cc -c conftest.c >&5
configure:4433: $? = 0
configure:4441: cc -c conftest.c -o conftest2.o >&5
configure:4445: $? = 0
configure:4451: cc -c conftest.c -o conftest2.o >&5
configure:4455: $? = 0
configure:4473: result: yes
configure:4544: checking how to print strings
configure:4571: result: printf
configure:4592: checking for a sed that does not truncate output
configure:4656: result: /bin/sed
configure:4674: checking for grep that handles long lines and -e
configure:4732: result: /bin/grep
configure:4737: checking for egrep
configure:4799: result: /bin/grep -E
configure:4804: checking for fgrep
configure:4866: result: /bin/grep -F
configure:4901: checking for ld used by gcc -pthread
configure:4968: result: /usr/bin/ld
configure:4975: checking if the linker (/usr/bin/ld) is GNU ld
configure:4990: result: yes
configure:5002: checking for BSD- or MS-compatible name lister (nm)
configure:5051: result: /usr/bin/nm -B
configure:5181: checking the name lister (/usr/bin/nm -B) interface
configure:5188: gcc -pthread -c   conftest.c >&5
configure:5191: /usr/bin/nm -B "conftest.o"
configure:5194: output
0000000000000000 B some_variable
configure:5201: result: BSD nm
configure:5204: checking whether ln -s works
configure:5208: result: yes
configure:5216: checking the maximum length of command line arguments
configure:5346: result: 3458764513820540925
configure:5363: checking whether the shell understands some XSI constructs
configure:5373: result: yes
configure:5377: checking whether the shell understands "+="
configure:5383: result: yes
configure:5418: checking how to convert x86_64-unknown-linux-gnu file names to x86_64-unknown-linux-gnu format
configure:5458: result: func_convert_file_noop
configure:5465: checking how to convert x86_64-unknown-linux-gnu file names to toolchain format
configure:5485: result: func_convert_file_noop
configure:5492: checking for /usr/bin/ld option to reload object files
configure:5499: result: -r
configure:5573: checking for objdump
configure:5589: found /usr/bin/objdump
configure:5600: result: objdump
configure:5632: checking how to recognize dependent libraries
configure:5834: result: pass_all
configure:5919: checking for dlltool
configure:5949: result: no
configure:5979: checking how to associate runtime and link libraries
configure:6006: result: printf %s\n
configure:6067: checking for ar
configure:6083: found /usr/bin/ar
configure:6094: result: ar
configure:6131: checking for archiver @FILE support
configure:6148: gcc -pthread -c   conftest.c >&5
configure:6148: $? = 0
configure:6151: ar cru libconftest.a @conftest.lst >&5
configure:6154: $? = 0
configure:6159: ar cru libconftest.a @conftest.lst >&5
ar: conftest.o: No such file or directory
configure:6162: $? = 1
configure:6174: result: @
configure:6232: checking for strip
configure:6248: found /usr/bin/strip
configure:6259: result: strip
configure:6331: checking for ranlib
configure:6347: found /usr/bin/ranlib
configure:6358: result: ranlib
configure:6460: checking command to parse /usr/bin/nm -B output from gcc -pthread object
configure:6580: gcc -pthread -c   conftest.c >&5
configure:6583: $? = 0
configure:6587: /usr/bin/nm -B conftest.o \| sed -n -e 's/^.*[ ]\([ABCDGIRSTW][ABCDGIRSTW]*\)[ ][ ]*\([_A-Za-z][_A-Za-z0-9]*\)$/\1 \2 \2/p' | sed '/ __gnu_lto/d' \> conftest.nm
configure:6590: $? = 0
configure:6656: gcc -pthread -o conftest    conftest.c conftstm.o >&5
configure:6659: $? = 0
configure:6697: result: ok
configure:6734: checking for sysroot
configure:6764: result: no
configure:6841: gcc -pthread -c   conftest.c >&5
configure:6844: $? = 0
configure:7020: checking for mt
configure:7036: found /bin/mt
configure:7047: result: mt
configure:7070: checking if mt is a manifest tool
configure:7076: mt '-?'
configure:7084: result: no
configure:7726: checking how to run the C preprocessor
configure:7757: gcc -pthread -E  conftest.c
configure:7757: $? = 0
configure:7771: gcc -pthread -E  conftest.c
conftest.c:11:28: fatal error: ac_nonexistent.h: No such file or directory
compilation terminated.
configure:7771: $? = 1
configure: failed program was:
| /* confdefs.h */
| #define PACKAGE_NAME "libffi"
| #define PACKAGE_TARNAME "libffi"
| #define PACKAGE_VERSION "3.0.11"
| #define PACKAGE_STRING "libffi 3.0.11"
| #define PACKAGE_BUGREPORT "http://github.com/atgreen/libffi/issues"
| #define PACKAGE_URL ""
| #define PACKAGE "libffi"
| #define VERSION "3.0.11"
| /* end confdefs.h.  */
| #include <ac_nonexistent.h>
configure:7796: result: gcc -pthread -E
configure:7816: gcc -pthread -E  conftest.c
configure:7816: $? = 0
configure:7830: gcc -pthread -E  conftest.c
conftest.c:11:28: fatal error: ac_nonexistent.h: No such file or directory
compilation terminated.
configure:7830: $? = 1
configure: failed program was:
| /* confdefs.h */
| #define PACKAGE_NAME "libffi"
| #define PACKAGE_TARNAME "libffi"
| #define PACKAGE_VERSION "3.0.11"
| #define PACKAGE_STRING "libffi 3.0.11"
| #define PACKAGE_BUGREPORT "http://github.com/atgreen/libffi/issues"
| #define PACKAGE_URL ""
| #define PACKAGE "libffi"
| #define VERSION "3.0.11"
| /* end confdefs.h.  */
| #include <ac_nonexistent.h>
configure:7859: checking for ANSI C header files
configure:7879: gcc -pthread -c   conftest.c >&5
configure:7879: $? = 0
configure:7952: gcc -pthread -o conftest    conftest.c  >&5
configure:7952: $? = 0
configure:7952: ./conftest
configure:7952: $? = 0
configure:7963: result: yes
configure:7976: checking for sys/types.h
configure:7976: gcc -pthread -c   conftest.c >&5
configure:7976: $? = 0
configure:7976: result: yes
configure:7976: checking for sys/stat.h
configure:7976: gcc -pthread -c   conftest.c >&5
configure:7976: $? = 0
configure:7976: result: yes
configure:7976: checking for stdlib.h
configure:7976: gcc -pthread -c   conftest.c >&5
configure:7976: $? = 0
configure:7976: result: yes
configure:7976: checking for string.h
configure:7976: gcc -pthread -c   conftest.c >&5
configure:7976: $? = 0
configure:7976: result: yes
configure:7976: checking for memory.h
configure:7976: gcc -pthread -c   conftest.c >&5
configure:7976: $? = 0
configure:7976: result: yes
configure:7976: checking for strings.h
configure:7976: gcc -pthread -c   conftest.c >&5
configure:7976: $? = 0
configure:7976: result: yes
configure:7976: checking for inttypes.h
configure:7976: gcc -pthread -c   conftest.c >&5
configure:7976: $? = 0
configure:7976: result: yes
configure:7976: checking for stdint.h
configure:7976: gcc -pthread -c   conftest.c >&5
configure:7976: $? = 0
configure:7976: result: yes
configure:7976: checking for unistd.h
configure:7976: gcc -pthread -c   conftest.c >&5
configure:7976: $? = 0
configure:7976: result: yes
configure:7990: checking for dlfcn.h
configure:7990: gcc -pthread -c   conftest.c >&5
configure:7990: $? = 0
configure:7990: result: yes
configure:8196: checking for objdir
configure:8211: result: .libs
configure:8482: checking if gcc -pthread supports -fno-rtti -fno-exceptions
configure:8500: gcc -pthread -c   -fno-rtti -fno-exceptions conftest.c >&5
cc1: warning: command line option '-fno-rtti' is valid for C++/ObjC++ but not for C [enabled by default]
configure:8504: $? = 0
configure:8517: result: no
configure:8844: checking for gcc -pthread option to produce PIC
configure:8851: result: -fPIC -DPIC
configure:8859: checking if gcc -pthread PIC flag -fPIC -DPIC works
configure:8877: gcc -pthread -c   -fPIC -DPIC -DPIC conftest.c >&5
configure:8881: $? = 0
configure:8894: result: yes
configure:8923: checking if gcc -pthread static flag -static works
configure:8951: result: yes
configure:8966: checking if gcc -pthread supports -c -o file.o
configure:8987: gcc -pthread -c   -o out/conftest2.o conftest.c >&5
configure:8991: $? = 0
configure:9013: result: yes
configure:9021: checking if gcc -pthread supports -c -o file.o
configure:9068: result: yes
configure:9101: checking whether the gcc -pthread linker (/usr/bin/ld -m elf_x86_64) supports shared libraries
configure:10258: result: yes
configure:10295: checking whether -lc should be explicitly linked in
configure:10303: gcc -pthread -c   conftest.c >&5
configure:10306: $? = 0
configure:10321: gcc -pthread -shared  -fPIC -DPIC conftest.o  -v -Wl,-soname -Wl,conftest -o conftest 2\>\&1 \| /bin/grep  -lc  \>/dev/null 2\>\&1
configure:10324: $? = 0
configure:10338: result: no
configure:10498: checking dynamic linker characteristics
configure:11009: gcc -pthread -o conftest    -Wl,-rpath -Wl,/foo conftest.c  >&5
configure:11009: $? = 0
configure:11243: result: GNU/Linux ld.so
configure:11350: checking how to hardcode library paths into programs
configure:11375: result: immediate
configure:11915: checking whether stripping libraries is possible
configure:11920: result: yes
configure:11955: checking if libtool supports shared libraries
configure:11957: result: yes
configure:11960: checking whether to build shared libraries
configure:11981: result: yes
configure:11984: checking whether to build static libraries
configure:11988: result: yes
configure:12027: checking for C compiler vendor
configure:12072: gcc -pthread -c   conftest.c >&5
conftest.c: In function 'main':
conftest.c:29:9: error: 'thisisanerror' undeclared (first use in this function)
conftest.c:29:9: note: each undeclared identifier is reported only once for each function it appears in
configure:12072: $? = 1
configure: failed program was:
| /* confdefs.h */
| #define PACKAGE_NAME "libffi"
| #define PACKAGE_TARNAME "libffi"
| #define PACKAGE_VERSION "3.0.11"
| #define PACKAGE_STRING "libffi 3.0.11"
| #define PACKAGE_BUGREPORT "http://github.com/atgreen/libffi/issues"
| #define PACKAGE_URL ""
| #define PACKAGE "libffi"
| #define VERSION "3.0.11"
| #define STDC_HEADERS 1
| #define HAVE_SYS_TYPES_H 1
| #define HAVE_SYS_STAT_H 1
| #define HAVE_STDLIB_H 1
| #define HAVE_STRING_H 1
| #define HAVE_MEMORY_H 1
| #define HAVE_STRINGS_H 1
| #define HAVE_INTTYPES_H 1
| #define HAVE_STDINT_H 1
| #define HAVE_UNISTD_H 1
| #define HAVE_DLFCN_H 1
| #define LT_OBJDIR ".libs/"
| /* end confdefs.h.  */
| 
| int
| main ()
| {
| 
|       #if !(defined(__ICC) || defined(__ECC) || defined(__INTEL_COMPILER))
|         thisisanerror;
|       #endif
| 
|   ;
|   return 0;
| }
configure:12072: gcc -pthread -c   conftest.c >&5
conftest.c: In function 'main':
conftest.c:29:9: error: 'thisisanerror' undeclared (first use in this function)
conftest.c:29:9: note: each undeclared identifier is reported only once for each function it appears in
configure:12072: $? = 1
configure: failed program was:
| /* confdefs.h */
| #define PACKAGE_NAME "libffi"
| #define PACKAGE_TARNAME "libffi"
| #define PACKAGE_VERSION "3.0.11"
| #define PACKAGE_STRING "libffi 3.0.11"
| #define PACKAGE_BUGREPORT "http://github.com/atgreen/libffi/issues"
| #define PACKAGE_URL ""
| #define PACKAGE "libffi"
| #define VERSION "3.0.11"
| #define STDC_HEADERS 1
| #define HAVE_SYS_TYPES_H 1
| #define HAVE_SYS_STAT_H 1
| #define HAVE_STDLIB_H 1
| #define HAVE_STRING_H 1
| #define HAVE_MEMORY_H 1
| #define HAVE_STRINGS_H 1
| #define HAVE_INTTYPES_H 1
| #define HAVE_STDINT_H 1
| #define HAVE_UNISTD_H 1
| #define HAVE_DLFCN_H 1
| #define LT_OBJDIR ".libs/"
| /* end confdefs.h.  */
| 
| int
| main ()
| {
| 
|       #if !(defined(__xlc__) || defined(__xlC__) || defined(__IBMC__) || defined(__IBMCPP__))
|         thisisanerror;
|       #endif
| 
|   ;
|   return 0;
| }
configure:12072: gcc -pthread -c   conftest.c >&5
conftest.c: In function 'main':
conftest.c:29:9: error: 'thisisanerror' undeclared (first use in this function)
conftest.c:29:9: note: each undeclared identifier is reported only once for each function it appears in
configure:12072: $? = 1
configure: failed program was:
| /* confdefs.h */
| #define PACKAGE_NAME "libffi"
| #define PACKAGE_TARNAME "libffi"
| #define PACKAGE_VERSION "3.0.11"
| #define PACKAGE_STRING "libffi 3.0.11"
| #define PACKAGE_BUGREPORT "http://github.com/atgreen/libffi/issues"
| #define PACKAGE_URL ""
| #define PACKAGE "libffi"
| #define VERSION "3.0.11"
| #define STDC_HEADERS 1
| #define HAVE_SYS_TYPES_H 1
| #define HAVE_SYS_STAT_H 1
| #define HAVE_STDLIB_H 1
| #define HAVE_STRING_H 1
| #define HAVE_MEMORY_H 1
| #define HAVE_STRINGS_H 1
| #define HAVE_INTTYPES_H 1
| #define HAVE_STDINT_H 1
| #define HAVE_UNISTD_H 1
| #define HAVE_DLFCN_H 1
| #define LT_OBJDIR ".libs/"
| /* end confdefs.h.  */
| 
| int
| main ()
| {
| 
|       #if !(defined(__PATHCC__) || defined(__PATHSCALE__))
|         thisisanerror;
|       #endif
| 
|   ;
|   return 0;
| }
configure:12072: gcc -pthread -c   conftest.c >&5
conftest.c: In function 'main':
conftest.c:29:9: error: 'thisisanerror' undeclared (first use in this function)
conftest.c:29:9: note: each undeclared identifier is reported only once for each function it appears in
configure:12072: $? = 1
configure: failed program was:
| /* confdefs.h */
| #define PACKAGE_NAME "libffi"
| #define PACKAGE_TARNAME "libffi"
| #define PACKAGE_VERSION "3.0.11"
| #define PACKAGE_STRING "libffi 3.0.11"
| #define PACKAGE_BUGREPORT "http://github.com/atgreen/libffi/issues"
| #define PACKAGE_URL ""
| #define PACKAGE "libffi"
| #define VERSION "3.0.11"
| #define STDC_HEADERS 1
| #define HAVE_SYS_TYPES_H 1
| #define HAVE_SYS_STAT_H 1
| #define HAVE_STDLIB_H 1
| #define HAVE_STRING_H 1
| #define HAVE_MEMORY_H 1
| #define HAVE_STRINGS_H 1
| #define HAVE_INTTYPES_H 1
| #define HAVE_STDINT_H 1
| #define HAVE_UNISTD_H 1
| #define HAVE_DLFCN_H 1
| #define LT_OBJDIR ".libs/"
| /* end confdefs.h.  */
| 
| int
| main ()
| {
| 
|       #if !(defined(__clang__))
|         thisisanerror;
|       #endif
| 
|   ;
|   return 0;
| }
configure:12072: gcc -pthread -c   conftest.c >&5
configure:12072: $? = 0
configure:12080: result: gnu
configure:12930: checking CFLAGS for maximum warnings
configure:12950: gcc -pthread -c  -warn all  -warn all  conftest.c >&5
gcc: error: all: No such file or directory
gcc: error: all: No such file or directory
gcc: error: unrecognized option '-warn'
gcc: error: unrecognized option '-warn'
configure:12950: $? = 1
configure: failed program was:
| /* confdefs.h */
| #define PACKAGE_NAME "libffi"
| #define PACKAGE_TARNAME "libffi"
| #define PACKAGE_VERSION "3.0.11"
| #define PACKAGE_STRING "libffi 3.0.11"
| #define PACKAGE_BUGREPORT "http://github.com/atgreen/libffi/issues"
| #define PACKAGE_URL ""
| #define PACKAGE "libffi"
| #define VERSION "3.0.11"
| #define STDC_HEADERS 1
| #define HAVE_SYS_TYPES_H 1
| #define HAVE_SYS_STAT_H 1
| #define HAVE_STDLIB_H 1
| #define HAVE_STRING_H 1
| #define HAVE_MEMORY_H 1
| #define HAVE_STRINGS_H 1
| #define HAVE_INTTYPES_H 1
| #define HAVE_STDINT_H 1
| #define HAVE_UNISTD_H 1
| #define HAVE_DLFCN_H 1
| #define LT_OBJDIR ".libs/"
| /* end confdefs.h.  */
| 
| int
| main ()
| {
| 
|   ;
|   return 0;
| }
configure:12950: gcc -pthread -c  -pedantic  -Wall  conftest.c >&5
configure:12950: $? = 0
configure:12958: result: -Wall
configure:12973: : CFLAGS="$CFLAGS $ac_cv_cflags_warn_all"
configure:12976: $? = 0
configure:12999: checking whether to enable maintainer-specific portions of Makefiles
configure:13008: result: no
configure:13024: checking sys/mman.h usability
configure:13024: gcc -pthread -c  -Wall -fexceptions  conftest.c >&5
configure:13024: $? = 0
configure:13024: result: yes
configure:13024: checking sys/mman.h presence
configure:13024: gcc -pthread -E  conftest.c
configure:13024: $? = 0
configure:13024: result: yes
configure:13024: checking for sys/mman.h
configure:13024: result: yes
configure:13036: checking for mmap
configure:13036: gcc -pthread -o conftest  -Wall -fexceptions   conftest.c  >&5
configure:13036: $? = 0
configure:13036: result: yes
configure:13046: checking for sys/mman.h
configure:13046: result: yes
configure:13054: checking for mmap
configure:13054: result: yes
configure:13067: checking whether read-only mmap of a plain file works
configure:13084: result: yes
configure:13086: checking whether mmap from /dev/zero works
configure:13108: result: yes
configure:13112: checking for MAP_ANON(YMOUS)
configure:13135: gcc -pthread -c  -Wall -fexceptions  conftest.c >&5
conftest.c: In function 'main':
conftest.c:36:5: warning: unused variable 'n' [-Wunused-variable]
configure:13135: $? = 0
configure:13142: result: yes
configure:13148: checking whether mmap with MAP_ANON(YMOUS) works
configure:13165: result: yes
configure:13577: checking for ANSI C header files
configure:13681: result: yes
configure:13691: checking for memcpy
configure:13691: gcc -pthread -o conftest  -Wall -fexceptions   conftest.c  >&5
conftest.c:52:6: warning: conflicting types for built-in function 'memcpy' [enabled by default]
configure:13691: $? = 0
configure:13691: result: yes
configure:13700: checking for size_t
configure:13700: gcc -pthread -c  -Wall -fexceptions  conftest.c >&5
configure:13700: $? = 0
configure:13700: gcc -pthread -c  -Wall -fexceptions  conftest.c >&5
conftest.c: In function 'main':
conftest.c:66:21: error: expected expression before ')' token
configure:13700: $? = 1
configure: failed program was:
| /* confdefs.h */
| #define PACKAGE_NAME "libffi"
| #define PACKAGE_TARNAME "libffi"
| #define PACKAGE_VERSION "3.0.11"
| #define PACKAGE_STRING "libffi 3.0.11"
| #define PACKAGE_BUGREPORT "http://github.com/atgreen/libffi/issues"
| #define PACKAGE_URL ""
| #define PACKAGE "libffi"
| #define VERSION "3.0.11"
| #define STDC_HEADERS 1
| #define HAVE_SYS_TYPES_H 1
| #define HAVE_SYS_STAT_H 1
| #define HAVE_STDLIB_H 1
| #define HAVE_STRING_H 1
| #define HAVE_MEMORY_H 1
| #define HAVE_STRINGS_H 1
| #define HAVE_INTTYPES_H 1
| #define HAVE_STDINT_H 1
| #define HAVE_UNISTD_H 1
| #define HAVE_DLFCN_H 1
| #define LT_OBJDIR ".libs/"
| #define HAVE_SYS_MMAN_H 1
| #define HAVE_MMAP 1
| #define HAVE_MMAP_FILE 1
| #define HAVE_MMAP_DEV_ZERO 1
| #define HAVE_MMAP_ANON 1
| #define STDC_HEADERS 1
| #define HAVE_MEMCPY 1
| /* end confdefs.h.  */
| #include <stdio.h>
| #ifdef HAVE_SYS_TYPES_H
| # include <sys/types.h>
| #endif
| #ifdef HAVE_SYS_STAT_H
| # include <sys/stat.h>
| #endif
| #ifdef STDC_HEADERS
| # include <stdlib.h>
| # include <stddef.h>
| #else
| # ifdef HAVE_STDLIB_H
| #  include <stdlib.h>
| # endif
| #endif
| #ifdef HAVE_STRING_H
| # if !defined STDC_HEADERS && defined HAVE_MEMORY_H
| #  include <memory.h>
| # endif
| # include <string.h>
| #endif
| #ifdef HAVE_STRINGS_H
| # include <strings.h>
| #endif
| #ifdef HAVE_INTTYPES_H
| # include <inttypes.h>
| #endif
| #ifdef HAVE_STDINT_H
| # include <stdint.h>
| #endif
| #ifdef HAVE_UNISTD_H
| # include <unistd.h>
| #endif
| int
| main ()
| {
| if (sizeof ((size_t)))
| 	    return 0;
|   ;
|   return 0;
| }
configure:13700: result: yes
configure:13713: checking for working alloca.h
configure:13730: gcc -pthread -o conftest  -Wall -fexceptions   conftest.c  >&5
configure:13730: $? = 0
configure:13738: result: yes
configure:13746: checking for alloca
configure:13783: gcc -pthread -o conftest  -Wall -fexceptions   conftest.c  >&5
configure:13783: $? = 0
configure:13791: result: yes
configure:13905: checking size of double
configure:13910: gcc -pthread -o conftest  -Wall -fexceptions   conftest.c  >&5
configure:13910: $? = 0
configure:13910: ./conftest
configure:13910: $? = 0
configure:13924: result: 8
configure:13938: checking size of long double
configure:13943: gcc -pthread -o conftest  -Wall -fexceptions   conftest.c  >&5
configure:13943: $? = 0
configure:13943: ./conftest
configure:13943: $? = 0
configure:13957: result: 16
configure:13982: checking whether byte ordering is bigendian
configure:13997: gcc -pthread -c  -Wall -fexceptions  conftest.c >&5
conftest.c:36:9: error: unknown type name 'not'
conftest.c:36:15: error: expected '=', ',', ';', 'asm' or '__attribute__' before 'universal'
conftest.c:36:15: error: unknown type name 'universal'
configure:13997: $? = 1
configure: failed program was:
| /* confdefs.h */
| #define PACKAGE_NAME "libffi"
| #define PACKAGE_TARNAME "libffi"
| #define PACKAGE_VERSION "3.0.11"
| #define PACKAGE_STRING "libffi 3.0.11"
| #define PACKAGE_BUGREPORT "http://github.com/atgreen/libffi/issues"
| #define PACKAGE_URL ""
| #define PACKAGE "libffi"
| #define VERSION "3.0.11"
| #define STDC_HEADERS 1
| #define HAVE_SYS_TYPES_H 1
| #define HAVE_SYS_STAT_H 1
| #define HAVE_STDLIB_H 1
| #define HAVE_STRING_H 1
| #define HAVE_MEMORY_H 1
| #define HAVE_STRINGS_H 1
| #define HAVE_INTTYPES_H 1
| #define HAVE_STDINT_H 1
| #define HAVE_UNISTD_H 1
| #define HAVE_DLFCN_H 1
| #define LT_OBJDIR ".libs/"
| #define HAVE_SYS_MMAN_H 1
| #define HAVE_MMAP 1
| #define HAVE_MMAP_FILE 1
| #define HAVE_MMAP_DEV_ZERO 1
| #define HAVE_MMAP_ANON 1
| #define STDC_HEADERS 1
| #define HAVE_MEMCPY 1
| #define HAVE_ALLOCA_H 1
| #define HAVE_ALLOCA 1
| #define SIZEOF_DOUBLE 8
| #define SIZEOF_LONG_DOUBLE 16
| #define HAVE_LONG_DOUBLE 1
| /* end confdefs.h.  */
| #ifndef __APPLE_CC__
| 	       not a universal capable compiler
| 	     #endif
| 	     typedef int dummy;
| 
configure:14042: gcc -pthread -c  -Wall -fexceptions  conftest.c >&5
configure:14042: $? = 0
configure:14060: gcc -pthread -c  -Wall -fexceptions  conftest.c >&5
conftest.c: In function 'main':
conftest.c:42:4: error: unknown type name 'not'
conftest.c:42:12: error: expected '=', ',', ';', 'asm' or '__attribute__' before 'endian'
configure:14060: $? = 1
configure: failed program was:
| /* confdefs.h */
| #define PACKAGE_NAME "libffi"
| #define PACKAGE_TARNAME "libffi"
| #define PACKAGE_VERSION "3.0.11"
| #define PACKAGE_STRING "libffi 3.0.11"
| #define PACKAGE_BUGREPORT "http://github.com/atgreen/libffi/issues"
| #define PACKAGE_URL ""
| #define PACKAGE "libffi"
| #define VERSION "3.0.11"
| #define STDC_HEADERS 1
| #define HAVE_SYS_TYPES_H 1
| #define HAVE_SYS_STAT_H 1
| #define HAVE_STDLIB_H 1
| #define HAVE_STRING_H 1
| #define HAVE_MEMORY_H 1
| #define HAVE_STRINGS_H 1
| #define HAVE_INTTYPES_H 1
| #define HAVE_STDINT_H 1
| #define HAVE_UNISTD_H 1
| #define HAVE_DLFCN_H 1
| #define LT_OBJDIR ".libs/"
| #define HAVE_SYS_MMAN_H 1
| #define HAVE_MMAP 1
| #define HAVE_MMAP_FILE 1
| #define HAVE_MMAP_DEV_ZERO 1
| #define HAVE_MMAP_ANON 1
| #define STDC_HEADERS 1
| #define HAVE_MEMCPY 1
| #define HAVE_ALLOCA_H 1
| #define HAVE_ALLOCA 1
| #define SIZEOF_DOUBLE 8
| #define SIZEOF_LONG_DOUBLE 16
| #define HAVE_LONG_DOUBLE 1
| /* end confdefs.h.  */
| #include <sys/types.h>
| 		#include <sys/param.h>
| 
| int
| main ()
| {
| #if BYTE_ORDER != BIG_ENDIAN
| 		 not big endian
| 		#endif
| 
|   ;
|   return 0;
| }
configure:14188: result: no
configure:14207: checking assembler .cfi pseudo-op support
configure:14225: gcc -pthread -c  -Wall -fexceptions  conftest.c >&5
configure:14225: $? = 0
configure:14233: result: yes
configure:14319: checking assembler supports pc related relocs
configure:14332: result: yes
configure:14340: checking assembler .ascii pseudo-op support
configure:14359: gcc -pthread -c  -Wall -fexceptions  conftest.c >&5
configure:14359: $? = 0
configure:14367: result: yes
configure:14375: checking assembler .string pseudo-op support
configure:14394: gcc -pthread -c  -Wall -fexceptions  conftest.c >&5
configure:14394: $? = 0
configure:14402: result: yes
configure:14492: checking assembler supports unwind section type
configure:14505: result: yes
configure:14515: checking whether .eh_frame section should be read-only
configure:14534: result: no
configure:14549: checking for __attribute__((visibility("hidden")))
configure:14558: gcc -pthread -Werror -S conftest.c -o conftest.s 1>&5
configure:14561: $? = 0
configure:14570: result: yes
configure:14936: creating ./config.status

## ---------------------- ##
## Running config.status. ##
## ---------------------- ##

This file was extended by libffi config.status 3.0.11, which was
generated by GNU Autoconf 2.68.  Invocation command line was

  CONFIG_FILES    = 
  CONFIG_HEADERS  = 
  CONFIG_LINKS    = 
  CONFIG_COMMANDS = 
  $ ./config.status 

on nilesh-VPCEA36FG

config.status:1216: creating include/Makefile
config.status:1216: creating include/ffi.h
config.status:1216: creating Makefile
config.status:1216: creating testsuite/Makefile
config.status:1216: creating man/Makefile
config.status:1216: creating libffi.pc
config.status:1216: creating fficonfig.py
config.status:1216: creating fficonfig.h
config.status:1442: linking /home/nilesh/coding/codechef/june2014/attachments/Python-3.3.0/Modules/_ctypes/libffi/src/x86/ffitarget.h to include/ffitarget.h
config.status:1442: linking /home/nilesh/coding/codechef/june2014/attachments/Python-3.3.0/Modules/_ctypes/libffi/include/ffi_common.h to include/ffi_common.h
config.status:1461: executing buildir commands
config.status:1474: skipping top_srcdir/Makefile - not created
config.status:1461: executing depfiles commands
config.status:1461: executing libtool commands
config.status:1461: executing include commands
config.status:1461: executing src commands

## ---------------- ##
## Cache variables. ##
## ---------------- ##

ac_cv_build=x86_64-unknown-linux-gnu
ac_cv_c_bigendian=no
ac_cv_c_compiler_gnu=yes
ac_cv_cflags_warn_all=-Wall
ac_cv_decl_map_anon=yes
ac_cv_env_CCASFLAGS_set=
ac_cv_env_CCASFLAGS_value=
ac_cv_env_CCAS_set=
ac_cv_env_CCAS_value=
ac_cv_env_CPPFLAGS_set=
ac_cv_env_CPPFLAGS_value=
ac_cv_env_CPP_set=
ac_cv_env_CPP_value=
ac_cv_env_build_alias_set=
ac_cv_env_build_alias_value=
ac_cv_env_host_alias_set=
ac_cv_env_host_alias_value=
ac_cv_env_target_alias_set=
ac_cv_env_target_alias_value=
ac_cv_func_alloca_works=yes
ac_cv_func_memcpy=yes
ac_cv_func_mmap=yes
ac_cv_func_mmap_anon=yes
ac_cv_func_mmap_dev_zero=yes
ac_cv_func_mmap_file=yes
ac_cv_header_dlfcn_h=yes
ac_cv_header_inttypes_h=yes
ac_cv_header_memory_h=yes
ac_cv_header_stdc=yes
ac_cv_header_stdint_h=yes
ac_cv_header_stdlib_h=yes
ac_cv_header_string_h=yes
ac_cv_header_strings_h=yes
ac_cv_header_sys_mman_h=yes
ac_cv_header_sys_stat_h=yes
ac_cv_header_sys_types_h=yes
ac_cv_header_unistd_h=yes
ac_cv_host=x86_64-unknown-linux-gnu
ac_cv_objext=o
ac_cv_path_EGREP='/bin/grep -E'
ac_cv_path_FGREP='/bin/grep -F'
ac_cv_path_GREP=/bin/grep
ac_cv_path_SED=/bin/sed
ac_cv_path_ax_enable_builddir_sed=sed
ac_cv_path_install='/usr/bin/install -c'
ac_cv_path_mkdir=/bin/mkdir
ac_cv_prog_AWK=mawk
ac_cv_prog_CPP='gcc -pthread -E'
ac_cv_prog_ac_ct_AR=ar
ac_cv_prog_ac_ct_CC='gcc -pthread'
ac_cv_prog_ac_ct_MANIFEST_TOOL=mt
ac_cv_prog_ac_ct_OBJDUMP=objdump
ac_cv_prog_ac_ct_RANLIB=ranlib
ac_cv_prog_ac_ct_STRIP=strip
ac_cv_prog_cc_c89=
ac_cv_prog_cc_g=yes
ac_cv_prog_cc_gcc_c_o=yes
ac_cv_prog_make_make_set=yes
ac_cv_sizeof_double=8
ac_cv_sizeof_long_double=16
ac_cv_target=x86_64-unknown-linux-gnu
ac_cv_type_size_t=yes
ac_cv_working_alloca_h=yes
am_cv_CCAS_dependencies_compiler_type=gcc3
am_cv_CC_dependencies_compiler_type=gcc3
ax_cv_c_compiler_vendor=gnu
gcc_cv_as_cfi_pseudo_op=yes
libffi_cv_as_ascii_pseudo_op=yes
libffi_cv_as_string_pseudo_op=yes
libffi_cv_as_x86_64_unwind_section_type=yes
libffi_cv_as_x86_pcrel=yes
libffi_cv_hidden_visibility_attribute=yes
libffi_cv_ro_eh_frame=no
lt_cv_ar_at_file=@
lt_cv_archive_cmds_need_lc=no
lt_cv_deplibs_check_method=pass_all
lt_cv_file_magic_cmd='$MAGIC_CMD'
lt_cv_file_magic_test_file=
lt_cv_ld_reload_flag=-r
lt_cv_nm_interface='BSD nm'
lt_cv_objdir=.libs
lt_cv_path_LD=/usr/bin/ld
lt_cv_path_NM='/usr/bin/nm -B'
lt_cv_path_mainfest_tool=no
lt_cv_prog_compiler_c_o=yes
lt_cv_prog_compiler_pic='-fPIC -DPIC'
lt_cv_prog_compiler_pic_works=yes
lt_cv_prog_compiler_rtti_exceptions=no
lt_cv_prog_compiler_static_works=yes
lt_cv_prog_gnu_ld=yes
lt_cv_sharedlib_from_linklib_cmd='printf %s\n'
lt_cv_shlibpath_overrides_runpath=no
lt_cv_sys_global_symbol_pipe='sed -n -e '\''s/^.*[	 ]\([ABCDGIRSTW][ABCDGIRSTW]*\)[	 ][	 ]*\([_A-Za-z][_A-Za-z0-9]*\)$/\1 \2 \2/p'\'' | sed '\''/ __gnu_lto/d'\'''
lt_cv_sys_global_symbol_to_c_name_address='sed -n -e '\''s/^: \([^ ]*\)[ ]*$/  {\"\1\", (void *) 0},/p'\'' -e '\''s/^[ABCDGIRSTW]* \([^ ]*\) \([^ ]*\)$/  {"\2", (void *) \&\2},/p'\'''
lt_cv_sys_global_symbol_to_c_name_address_lib_prefix='sed -n -e '\''s/^: \([^ ]*\)[ ]*$/  {\"\1\", (void *) 0},/p'\'' -e '\''s/^[ABCDGIRSTW]* \([^ ]*\) \(lib[^ ]*\)$/  {"\2", (void *) \&\2},/p'\'' -e '\''s/^[ABCDGIRSTW]* \([^ ]*\) \([^ ]*\)$/  {"lib\2", (void *) \&\2},/p'\'''
lt_cv_sys_global_symbol_to_cdecl='sed -n -e '\''s/^T .* \(.*\)$/extern int \1();/p'\'' -e '\''s/^[ABCDGIRSTW]* .* \(.*\)$/extern char \1;/p'\'''
lt_cv_sys_max_cmd_len=3458764513820540925
lt_cv_to_host_file_cmd=func_convert_file_noop
lt_cv_to_tool_file_cmd=func_convert_file_noop

## ----------------- ##
## Output variables. ##
## ----------------- ##

ACLOCAL='${SHELL} /home/nilesh/coding/codechef/june2014/attachments/Python-3.3.0/Modules/_ctypes/libffi/missing --run aclocal-1.11'
ALLOCA=''
ALPHA_FALSE=''
ALPHA_TRUE='#'
AMDEPBACKSLASH='\'
AMDEP_FALSE='#'
AMDEP_TRUE=''
AMTAR='$${TAR-tar}'
AM_LTLDFLAGS=''
AM_RUNTESTFLAGS=''
AR='ar'
ARM_FALSE=''
ARM_TRUE='#'
AUTOCONF='${SHELL} /home/nilesh/coding/codechef/june2014/attachments/Python-3.3.0/Modules/_ctypes/libffi/missing --run autoconf'
AUTOHEADER='${SHELL} /home/nilesh/coding/codechef/june2014/attachments/Python-3.3.0/Modules/_ctypes/libffi/missing --run autoheader'
AUTOMAKE='${SHELL} /home/nilesh/coding/codechef/june2014/attachments/Python-3.3.0/Modules/_ctypes/libffi/missing --run automake-1.11'
AVR32_FALSE=''
AVR32_TRUE='#'
AWK='mawk'
CC='gcc -pthread'
CCAS='gcc -pthread'
CCASDEPMODE='depmode=gcc3'
CCASFLAGS=''
CCDEPMODE='depmode=gcc3'
CFLAGS=' -Wall -fexceptions'
CPP='gcc -pthread -E'
CPPFLAGS=''
CYGPATH_W='echo'
DEFS='-DHAVE_CONFIG_H'
DEPDIR='.deps'
DLLTOOL='false'
DSYMUTIL=''
DUMPBIN=''
ECHO_C=''
ECHO_N='-n'
ECHO_T=''
EGREP='/bin/grep -E'
EXEEXT=''
FFI_DEBUG_FALSE=''
FFI_DEBUG_TRUE='#'
FFI_EXEC_TRAMPOLINE_TABLE='0'
FFI_EXEC_TRAMPOLINE_TABLE_FALSE=''
FFI_EXEC_TRAMPOLINE_TABLE_TRUE='#'
FGREP='/bin/grep -F'
FRV_FALSE=''
FRV_TRUE='#'
GREP='/bin/grep'
HAVE_LONG_DOUBLE='1'
IA64_FALSE=''
IA64_TRUE='#'
INSTALL_DATA='${INSTALL} -m 644'
INSTALL_PROGRAM='${INSTALL}'
INSTALL_SCRIPT='${INSTALL}'
INSTALL_STRIP_PROGRAM='$(install_sh) -c -s'
LD='/usr/bin/ld -m elf_x86_64'
LDFLAGS=''
LIBFFI_CRIS_FALSE=''
LIBFFI_CRIS_TRUE='#'
LIBOBJS=''
LIBS=''
LIBTOOL='$(SHELL) $(top_builddir)/libtool'
LIPO=''
LN_S='ln -s'
LTLIBOBJS=''
M32R_FALSE=''
M32R_TRUE='#'
M68K_FALSE=''
M68K_TRUE='#'
MAINT='#'
MAINTAINER_MODE_FALSE=''
MAINTAINER_MODE_TRUE='#'
MAKEINFO='${SHELL} /home/nilesh/coding/codechef/june2014/attachments/Python-3.3.0/Modules/_ctypes/libffi/missing --run makeinfo'
MANIFEST_TOOL=':'
MIPS_FALSE=''
MIPS_TRUE='#'
MKDIR_P='/bin/mkdir -p'
MOXIE_FALSE=''
MOXIE_TRUE='#'
NM='/usr/bin/nm -B'
NMEDIT=''
OBJDUMP='objdump'
OBJEXT='o'
OTOOL64=''
OTOOL=''
PA64_HPUX_FALSE=''
PA64_HPUX_TRUE='#'
PACKAGE='libffi'
PACKAGE_BUGREPORT='http://github.com/atgreen/libffi/issues'
PACKAGE_NAME='libffi'
PACKAGE_STRING='libffi 3.0.11'
PACKAGE_TARNAME='libffi'
PACKAGE_URL=''
PACKAGE_VERSION='3.0.11'
PATH_SEPARATOR=':'
PA_HPUX_FALSE=''
PA_HPUX_TRUE='#'
PA_LINUX_FALSE=''
PA_LINUX_TRUE='#'
POWERPC_AIX_FALSE=''
POWERPC_AIX_TRUE='#'
POWERPC_DARWIN_FALSE=''
POWERPC_DARWIN_TRUE='#'
POWERPC_FALSE=''
POWERPC_FREEBSD_FALSE=''
POWERPC_FREEBSD_TRUE='#'
POWERPC_TRUE='#'
PRTDIAG=''
RANLIB='ranlib'
S390_FALSE=''
S390_TRUE='#'
SED='/bin/sed'
SET_MAKE=''
SH64_FALSE=''
SH64_TRUE='#'
SHELL='/bin/bash'
SH_FALSE=''
SH_TRUE='#'
SPARC_FALSE=''
SPARC_TRUE='#'
STRIP='strip'
TARGET='X86_64'
TARGETDIR='x86'
TESTSUBDIR_FALSE='#'
TESTSUBDIR_TRUE=''
VERSION='3.0.11'
X86_64_FALSE='#'
X86_64_TRUE=''
X86_DARWIN_FALSE=''
X86_DARWIN_TRUE='#'
X86_FALSE=''
X86_FREEBSD_FALSE=''
X86_FREEBSD_TRUE='#'
X86_TRUE='#'
X86_WIN32_FALSE=''
X86_WIN32_TRUE='#'
X86_WIN64_FALSE=''
X86_WIN64_TRUE='#'
ac_ct_AR='ar'
ac_ct_CC='gcc -pthread'
ac_ct_DUMPBIN=''
am__EXEEXT_FALSE=''
am__EXEEXT_TRUE='#'
am__fastdepCCAS_FALSE='#'
am__fastdepCCAS_TRUE=''
am__fastdepCC_FALSE='#'
am__fastdepCC_TRUE=''
am__include='include'
am__isrc=' -I$(srcdir)'
am__leading_dot='.'
am__nodep='_no'
am__quote=''
am__tar='$${TAR-tar} chof - "$$tardir"'
am__untar='$${TAR-tar} xf -'
ax_enable_builddir_sed='sed'
bindir='${exec_prefix}/bin'
build='x86_64-unknown-linux-gnu'
build_alias=''
build_cpu='x86_64'
build_os='linux-gnu'
build_vendor='unknown'
datadir='${datarootdir}'
datarootdir='${prefix}/share'
docdir='${datarootdir}/doc/${PACKAGE_TARNAME}'
dvidir='${docdir}'
exec_prefix='${prefix}'
host='x86_64-unknown-linux-gnu'
host_alias=''
host_cpu='x86_64'
host_os='linux-gnu'
host_vendor='unknown'
htmldir='${docdir}'
includedir='${prefix}/include'
infodir='${datarootdir}/info'
install_sh='${SHELL} /home/nilesh/coding/codechef/june2014/attachments/Python-3.3.0/Modules/_ctypes/libffi/install-sh'
libdir='${exec_prefix}/lib'
libexecdir='${exec_prefix}/libexec'
localedir='${datarootdir}/locale'
localstatedir='${prefix}/var'
mandir='${datarootdir}/man'
mkdir_p='/bin/mkdir -p'
oldincludedir='/usr/include'
pdfdir='${docdir}'
prefix='/usr/local'
program_transform_name='s,x,x,'
psdir='${docdir}'
sbindir='${exec_prefix}/sbin'
sharedstatedir='${prefix}/com'
sys_symbol_underscore=''
sysconfdir='${prefix}/etc'
target='x86_64-unknown-linux-gnu'
target_alias=''
target_cpu='x86_64'
target_os='linux-gnu'
target_vendor='unknown'
toolexecdir='$(libdir)/gcc-lib/$(target_alias)'
toolexeclibdir='$(libdir)/../lib'

## ----------- ##
## confdefs.h. ##
## ----------- ##

/* confdefs.h */
#define PACKAGE_NAME "libffi"
#define PACKAGE_TARNAME "libffi"
#define PACKAGE_VERSION "3.0.11"
#define PACKAGE_STRING "libffi 3.0.11"
#define PACKAGE_BUGREPORT "http://github.com/atgreen/libffi/issues"
#define PACKAGE_URL ""
#define PACKAGE "libffi"
#define VERSION "3.0.11"
#define STDC_HEADERS 1
#define HAVE_SYS_TYPES_H 1
#define HAVE_SYS_STAT_H 1
#define HAVE_STDLIB_H 1
#define HAVE_STRING_H 1
#define HAVE_MEMORY_H 1
#define HAVE_STRINGS_H 1
#define HAVE_INTTYPES_H 1
#define HAVE_STDINT_H 1
#define HAVE_UNISTD_H 1
#define HAVE_DLFCN_H 1
#define LT_OBJDIR ".libs/"
#define HAVE_SYS_MMAN_H 1
#define HAVE_MMAP 1
#define HAVE_MMAP_FILE 1
#define HAVE_MMAP_DEV_ZERO 1
#define HAVE_MMAP_ANON 1
#define STDC_HEADERS 1
#define HAVE_MEMCPY 1
#define HAVE_ALLOCA_H 1
#define HAVE_ALLOCA 1
#define SIZEOF_DOUBLE 8
#define SIZEOF_LONG_DOUBLE 16
#define HAVE_LONG_DOUBLE 1
#define HAVE_AS_CFI_PSEUDO_OP 1
#define HAVE_AS_X86_PCREL 1
#define HAVE_AS_ASCII_PSEUDO_OP 1
#define HAVE_AS_STRING_PSEUDO_OP 1
#define HAVE_AS_X86_64_UNWIND_SECTION_TYPE 1
#define EH_FRAME_FLAGS "aw"
#define HAVE_HIDDEN_VISIBILITY_ATTRIBUTE 1

configure: exit 0
